<?xml version="1.0" encoding="UTF-8"?>
<!-- Generated by org.testng.reporters.JUnitXMLReporter -->
<testsuite ignored="0" hostname="IQZNGLDT011" failures="0" tests="5" name="Default test" time="150.796" errors="0" timestamp="2021-11-25T16:46:12 IST">
  <testcase classname="packagepega.pegalogin_1" name="launch_app" time="14.827"/>
  <testcase classname="packagepega.pegalogin_1" name="enter_user" time="5.25"/>
  <testcase classname="packagepega.pegalogin_1" name="enter_pswd" time="5.233"/>
  <testcase classname="packagepega.pegalogin_1" name="clicklogin" time="107.749"/>
  <testcase classname="packagepega.pegalogin_1" name="get_title" time="5.05"/>
</testsuite> <!-- Default test -->
