<?xml version="1.0" encoding="UTF-8"?>
<!-- Generated by org.testng.reporters.JUnitXMLReporter -->
<testsuite ignored="0" hostname="IQZCBELT051" failures="0" tests="4" name="Default test" time="27.582" errors="0" timestamp="2021-11-25T01:11:55 IST">
  <testcase classname="Package_Demo.Pega_login" name="launch_app" time="1.923"/>
  <testcase classname="Package_Demo.Pega_login" name="enter_user" time="0.046"/>
  <testcase classname="Package_Demo.Pega_login" name="enter_password" time="0.048"/>
  <testcase classname="Package_Demo.Pega_login" name="click_login" time="19.691"/>
</testsuite> <!-- Default test -->
