<?xml version="1.0" encoding="UTF-8"?>
<testng-results ignored="0" total="4" passed="4" failed="0" skipped="0">
  <reporter-output>
  </reporter-output>
  <suite started-at="2021-11-22T16:51:10 IST" name="My_Run_Suite" finished-at="2021-11-22T16:52:15 IST" duration-ms="65656">
    <groups>
    </groups>
    <test started-at="2021-11-22T16:51:10 IST" name="TestingOnEdge" finished-at="2021-11-22T16:52:13 IST" duration-ms="63550">
      <class name="package_demo.crossbrowser_chrome">
        <test-method is-config="true" signature="setup(java.lang.String)[pri:0, instance:package_demo.crossbrowser_chrome@3e11f9e9]" started-at="2021-11-22T16:51:10 IST" name="setup" finished-at="2021-11-22T16:51:46 IST" duration-ms="36263" status="PASS">
          <params>
            <param index="0">
              <value>
                <![CDATA[Edge]]>
              </value>
            </param>
          </params>
          <reporter-output>
          </reporter-output>
        </test-method> <!-- setup -->
        <test-method signature="testgoogle()[pri:0, instance:package_demo.crossbrowser_chrome@3e11f9e9]" started-at="2021-11-22T16:51:46 IST" name="testgoogle" finished-at="2021-11-22T16:52:02 IST" duration-ms="15980" status="PASS">
          <reporter-output>
          </reporter-output>
        </test-method> <!-- testgoogle -->
        <test-method signature="testyahoo()[pri:0, instance:package_demo.crossbrowser_chrome@3e11f9e9]" started-at="2021-11-22T16:52:02 IST" name="testyahoo" finished-at="2021-11-22T16:52:12 IST" duration-ms="10349" status="PASS">
          <reporter-output>
          </reporter-output>
        </test-method> <!-- testyahoo -->
        <test-method is-config="true" signature="finish()[pri:0, instance:package_demo.crossbrowser_chrome@3e11f9e9]" started-at="2021-11-22T16:52:12 IST" name="finish" finished-at="2021-11-22T16:52:13 IST" duration-ms="950" status="PASS">
          <reporter-output>
          </reporter-output>
        </test-method> <!-- finish -->
      </class> <!-- package_demo.crossbrowser_chrome -->
    </test> <!-- TestingOnEdge -->
    <test started-at="2021-11-22T16:51:10 IST" name="TestingOnChrome" finished-at="2021-11-22T16:52:15 IST" duration-ms="65656">
      <class name="package_demo.crossbrowser_chrome">
        <test-method is-config="true" signature="setup(java.lang.String)[pri:0, instance:package_demo.crossbrowser_chrome@2e6a8155]" started-at="2021-11-22T16:51:10 IST" name="setup" finished-at="2021-11-22T16:51:38 IST" duration-ms="28358" status="PASS">
          <params>
            <param index="0">
              <value>
                <![CDATA[chrome]]>
              </value>
            </param>
          </params>
          <reporter-output>
          </reporter-output>
        </test-method> <!-- setup -->
        <test-method signature="testgoogle()[pri:0, instance:package_demo.crossbrowser_chrome@2e6a8155]" started-at="2021-11-22T16:51:38 IST" name="testgoogle" finished-at="2021-11-22T16:51:56 IST" duration-ms="18097" status="PASS">
          <reporter-output>
          </reporter-output>
        </test-method> <!-- testgoogle -->
        <test-method signature="testyahoo()[pri:0, instance:package_demo.crossbrowser_chrome@2e6a8155]" started-at="2021-11-22T16:51:56 IST" name="testyahoo" finished-at="2021-11-22T16:52:14 IST" duration-ms="18103" status="PASS">
          <reporter-output>
          </reporter-output>
        </test-method> <!-- testyahoo -->
        <test-method is-config="true" signature="finish()[pri:0, instance:package_demo.crossbrowser_chrome@2e6a8155]" started-at="2021-11-22T16:52:14 IST" name="finish" finished-at="2021-11-22T16:52:15 IST" duration-ms="1072" status="PASS">
          <reporter-output>
          </reporter-output>
        </test-method> <!-- finish -->
      </class> <!-- package_demo.crossbrowser_chrome -->
    </test> <!-- TestingOnChrome -->
  </suite> <!-- My_Run_Suite -->
</testng-results>
