<?xml version="1.0" encoding="UTF-8"?>
<!-- Generated by org.testng.reporters.JUnitXMLReporter -->
<testsuite ignored="0" hostname="IQZNGLDT011" failures="0" tests="4" name="TestingOnChrome" time="29.571" errors="0" timestamp="2021-11-29T14:58:28 IST">
  <testcase classname="Package_Demo.Pega_login" name="launch_app" time="3.212"/>
  <testcase classname="Package_Demo.Pega_login" name="enter_user" time="0.09"/>
  <testcase classname="Package_Demo.Pega_login" name="enter_password" time="0.103"/>
  <testcase classname="Package_Demo.Pega_login" name="click_login" time="23.124"/>
</testsuite> <!-- TestingOnChrome -->
