<?xml version="1.0" encoding="UTF-8"?>
<!-- Generated by org.testng.reporters.JUnitXMLReporter -->
<testsuite ignored="0" hostname="IQZNGLDT011" failures="0" tests="5" name="Test" time="0.275" errors="0" timestamp="2021-11-25T16:40:31 IST">
  <testcase classname="packagepega.pegalogin_1" name="@BeforeClass setup" time="0.223">
    <failure type="java.lang.IllegalStateException" message="The driver executable does not exist: C:\Users\Ashok.r\eclipse-workspace\Pega_login\Driver\msedgedriver.exe">
      <![CDATA[java.lang.IllegalStateException: The driver executable does not exist: C:\Users\Ashok.r\eclipse-workspace\Pega_login\Driver\msedgedriver.exe
at com.google.common.base.Preconditions.checkState(Preconditions.java:585)
at org.openqa.selenium.remote.service.DriverService.checkExecutable(DriverService.java:146)
at org.openqa.selenium.remote.service.DriverService.findExecutable(DriverService.java:141)
at org.openqa.selenium.edge.EdgeDriverService.access$000(EdgeDriverService.java:37)
at org.openqa.selenium.edge.EdgeDriverService$Builder.findDefaultExecutable(EdgeDriverService.java:90)
at org.openqa.selenium.remote.service.DriverService$Builder.build(DriverService.java:355)
at org.openqa.selenium.edge.EdgeDriverService.createDefaultService(EdgeDriverService.java:70)
at org.openqa.selenium.edge.EdgeDriver.<init>(EdgeDriver.java:96)
at packagepega.pegalogin_1.setup(pegalogin_1.java:57)
at java.base/java.util.ArrayList.forEach(ArrayList.java:1511)
... Removed 25 stack frames]]>
    </failure>
  </testcase> <!-- @BeforeClass setup -->
  <testcase classname="packagepega.pegalogin_1" name="@AfterClass finish" time="-1.6378386314E9">
    <skipped/>
  </testcase> <!-- @AfterClass finish -->
  <testcase classname="packagepega.pegalogin_1" name="launch_app" time="0.0">
    <skipped/>
  </testcase> <!-- launch_app -->
  <testcase classname="packagepega.pegalogin_1" name="enter_user" time="0.0">
    <skipped/>
  </testcase> <!-- enter_user -->
  <testcase classname="packagepega.pegalogin_1" name="enter_pswd" time="0.0">
    <skipped/>
  </testcase> <!-- enter_pswd -->
  <testcase classname="packagepega.pegalogin_1" name="clicklogin" time="0.0">
    <skipped/>
  </testcase> <!-- clicklogin -->
  <testcase classname="packagepega.pegalogin_1" name="get_title" time="0.0">
    <skipped/>
  </testcase> <!-- get_title -->
</testsuite> <!-- Test -->
