<?xml version="1.0" encoding="UTF-8"?>
<testng-results ignored="0" total="4" passed="4" failed="0" skipped="0">
  <reporter-output>
  </reporter-output>
  <suite started-at="2021-11-29T15:26:17 IST" name="Default suite" finished-at="2021-11-29T15:27:04 IST" duration-ms="46720">
    <groups>
    </groups>
    <test started-at="2021-11-29T15:26:17 IST" name="Default test" finished-at="2021-11-29T15:27:04 IST" duration-ms="46720">
      <class name="Package_Demo.Pega_login">
        <test-method is-config="true" signature="setup()[pri:0, instance:Package_Demo.Pega_login@316bcf94]" started-at="2021-11-29T15:26:17 IST" name="setup" finished-at="2021-11-29T15:26:29 IST" duration-ms="11471" status="PASS">
          <reporter-output>
          </reporter-output>
        </test-method> <!-- setup -->
        <test-method signature="launch_app()[pri:0, instance:Package_Demo.Pega_login@316bcf94]" started-at="2021-11-29T15:26:29 IST" name="launch_app" finished-at="2021-11-29T15:26:31 IST" duration-ms="2697" status="PASS">
          <reporter-output>
          </reporter-output>
        </test-method> <!-- launch_app -->
        <test-method signature="enter_user()[pri:0, instance:Package_Demo.Pega_login@316bcf94]" started-at="2021-11-29T15:26:31 IST" name="enter_user" finished-at="2021-11-29T15:26:31 IST" depends-on-methods="Package_Demo.Pega_login.launch_app" duration-ms="198" status="PASS">
          <reporter-output>
          </reporter-output>
        </test-method> <!-- enter_user -->
        <test-method signature="enter_password()[pri:0, instance:Package_Demo.Pega_login@316bcf94]" started-at="2021-11-29T15:26:31 IST" name="enter_password" finished-at="2021-11-29T15:26:32 IST" depends-on-methods="Package_Demo.Pega_login.enter_user" duration-ms="139" status="PASS">
          <reporter-output>
          </reporter-output>
        </test-method> <!-- enter_password -->
        <test-method signature="click_login()[pri:0, instance:Package_Demo.Pega_login@316bcf94]" started-at="2021-11-29T15:26:32 IST" name="click_login" finished-at="2021-11-29T15:26:51 IST" depends-on-methods="Package_Demo.Pega_login.enter_password" duration-ms="19672" status="PASS">
          <reporter-output>
          </reporter-output>
        </test-method> <!-- click_login -->
        <test-method is-config="true" signature="finish()[pri:0, instance:Package_Demo.Pega_login@316bcf94]" started-at="2021-11-29T15:26:51 IST" name="finish" finished-at="2021-11-29T15:27:04 IST" duration-ms="12515" status="PASS">
          <reporter-output>
          </reporter-output>
        </test-method> <!-- finish -->
      </class> <!-- Package_Demo.Pega_login -->
    </test> <!-- Default test -->
  </suite> <!-- Default suite -->
</testng-results>
