<?xml version="1.0" encoding="UTF-8"?>
<!-- Generated by org.testng.reporters.JUnitXMLReporter -->
<testsuite ignored="0" hostname="IQZNGLDT011" failures="0" tests="4" name="Default test" time="46.72" errors="0" timestamp="2021-11-29T15:27:05 IST">
  <testcase classname="Package_Demo.Pega_login" name="launch_app" time="2.697"/>
  <testcase classname="Package_Demo.Pega_login" name="enter_user" time="0.198"/>
  <testcase classname="Package_Demo.Pega_login" name="enter_password" time="0.139"/>
  <testcase classname="Package_Demo.Pega_login" name="click_login" time="19.672"/>
</testsuite> <!-- Default test -->
