<?xml version="1.0" encoding="UTF-8"?>
<testng-results ignored="0" total="3" passed="3" failed="0" skipped="0">
  <reporter-output>
  </reporter-output>
  <suite started-at="2021-11-25T23:08:31 IST" name="Suite1" finished-at="2021-11-25T23:09:30 IST" duration-ms="59147">
    <groups>
    </groups>
    <test started-at="2021-11-25T23:08:31 IST" name="TestingOnChrome" finished-at="2021-11-25T23:09:29 IST" duration-ms="57540">
      <class name="Demo.Cross_Browser">
        <test-method is-config="true" signature="setup(java.lang.String)[pri:0, instance:Demo.Cross_Browser@6404f418]" started-at="2021-11-25T23:08:31 IST" name="setup" finished-at="2021-11-25T23:08:55 IST" duration-ms="23845" status="PASS">
          <params>
            <param index="0">
              <value>
                <![CDATA[chrome]]>
              </value>
            </param>
          </params>
          <reporter-output>
          </reporter-output>
        </test-method> <!-- setup -->
        <test-method signature="test1()[pri:0, instance:Demo.Cross_Browser@6404f418]" started-at="2021-11-25T23:08:55 IST" name="test1" finished-at="2021-11-25T23:09:14 IST" duration-ms="18420" status="PASS">
          <reporter-output>
          </reporter-output>
        </test-method> <!-- test1 -->
        <test-method is-config="true" signature="finish()[pri:0, instance:Demo.Cross_Browser@6404f418]" started-at="2021-11-25T23:09:14 IST" name="finish" finished-at="2021-11-25T23:09:29 IST" duration-ms="15253" status="PASS">
          <reporter-output>
          </reporter-output>
        </test-method> <!-- finish -->
      </class> <!-- Demo.Cross_Browser -->
    </test> <!-- TestingOnChrome -->
    <test started-at="2021-11-25T23:08:31 IST" name="TestingOnFirefox" finished-at="2021-11-25T23:09:30 IST" duration-ms="58385">
      <class name="Demo.Cross_Browser">
        <test-method is-config="true" signature="setup(java.lang.String)[pri:0, instance:Demo.Cross_Browser@5d534f5d]" started-at="2021-11-25T23:08:31 IST" name="setup" finished-at="2021-11-25T23:09:04 IST" duration-ms="33015" status="PASS">
          <params>
            <param index="0">
              <value>
                <![CDATA[firefox]]>
              </value>
            </param>
          </params>
          <reporter-output>
          </reporter-output>
        </test-method> <!-- setup -->
        <test-method signature="test1()[pri:0, instance:Demo.Cross_Browser@5d534f5d]" started-at="2021-11-25T23:09:04 IST" name="test1" finished-at="2021-11-25T23:09:18 IST" duration-ms="14057" status="PASS">
          <reporter-output>
          </reporter-output>
        </test-method> <!-- test1 -->
        <test-method is-config="true" signature="finish()[pri:0, instance:Demo.Cross_Browser@5d534f5d]" started-at="2021-11-25T23:09:18 IST" name="finish" finished-at="2021-11-25T23:09:30 IST" duration-ms="11308" status="PASS">
          <reporter-output>
          </reporter-output>
        </test-method> <!-- finish -->
      </class> <!-- Demo.Cross_Browser -->
    </test> <!-- TestingOnFirefox -->
    <test started-at="2021-11-25T23:08:31 IST" name="TestingOnEdge" finished-at="2021-11-25T23:09:30 IST" duration-ms="59147">
      <class name="Demo.Cross_Browser">
        <test-method is-config="true" signature="setup(java.lang.String)[pri:0, instance:Demo.Cross_Browser@6fdbe764]" started-at="2021-11-25T23:08:31 IST" name="setup" finished-at="2021-11-25T23:09:00 IST" duration-ms="28655" status="PASS">
          <params>
            <param index="0">
              <value>
                <![CDATA[edge]]>
              </value>
            </param>
          </params>
          <reporter-output>
          </reporter-output>
        </test-method> <!-- setup -->
        <test-method signature="test1()[pri:0, instance:Demo.Cross_Browser@6fdbe764]" started-at="2021-11-25T23:09:00 IST" name="test1" finished-at="2021-11-25T23:09:18 IST" duration-ms="18112" status="PASS">
          <reporter-output>
          </reporter-output>
        </test-method> <!-- test1 -->
        <test-method is-config="true" signature="finish()[pri:0, instance:Demo.Cross_Browser@6fdbe764]" started-at="2021-11-25T23:09:18 IST" name="finish" finished-at="2021-11-25T23:09:30 IST" duration-ms="12373" status="PASS">
          <reporter-output>
          </reporter-output>
        </test-method> <!-- finish -->
      </class> <!-- Demo.Cross_Browser -->
    </test> <!-- TestingOnEdge -->
  </suite> <!-- Suite1 -->
</testng-results>
