<?xml version="1.0" encoding="UTF-8"?>
<testng-results ignored="0" total="4" passed="4" failed="0" skipped="0">
  <reporter-output>
  </reporter-output>
  <suite started-at="2021-11-29T14:57:58 IST" name="Suite1" finished-at="2021-11-29T14:58:28 IST" duration-ms="29571">
    <groups>
    </groups>
    <test started-at="2021-11-29T14:57:58 IST" name="TestingOnChrome" finished-at="2021-11-29T14:58:28 IST" duration-ms="29571">
      <class name="Package_Demo.Pega_login">
        <test-method is-config="true" signature="setup()[pri:0, instance:Package_Demo.Pega_login@316bcf94]" started-at="2021-11-29T14:57:58 IST" name="setup" finished-at="2021-11-29T14:58:01 IST" duration-ms="2653" status="PASS">
          <reporter-output>
          </reporter-output>
        </test-method> <!-- setup -->
        <test-method signature="launch_app()[pri:0, instance:Package_Demo.Pega_login@316bcf94]" started-at="2021-11-29T14:58:01 IST" name="launch_app" finished-at="2021-11-29T14:58:04 IST" duration-ms="3212" status="PASS">
          <reporter-output>
          </reporter-output>
        </test-method> <!-- launch_app -->
        <test-method signature="enter_user()[pri:0, instance:Package_Demo.Pega_login@316bcf94]" started-at="2021-11-29T14:58:04 IST" name="enter_user" finished-at="2021-11-29T14:58:04 IST" depends-on-methods="Package_Demo.Pega_login.launch_app" duration-ms="90" status="PASS">
          <reporter-output>
          </reporter-output>
        </test-method> <!-- enter_user -->
        <test-method signature="enter_password()[pri:0, instance:Package_Demo.Pega_login@316bcf94]" started-at="2021-11-29T14:58:04 IST" name="enter_password" finished-at="2021-11-29T14:58:04 IST" depends-on-methods="Package_Demo.Pega_login.enter_user" duration-ms="103" status="PASS">
          <reporter-output>
          </reporter-output>
        </test-method> <!-- enter_password -->
        <test-method signature="click_login()[pri:0, instance:Package_Demo.Pega_login@316bcf94]" started-at="2021-11-29T14:58:04 IST" name="click_login" finished-at="2021-11-29T14:58:27 IST" depends-on-methods="Package_Demo.Pega_login.enter_password" duration-ms="23124" status="PASS">
          <reporter-output>
          </reporter-output>
        </test-method> <!-- click_login -->
        <test-method is-config="true" signature="finish()[pri:0, instance:Package_Demo.Pega_login@316bcf94]" started-at="2021-11-29T14:58:27 IST" name="finish" finished-at="2021-11-29T14:58:28 IST" duration-ms="353" status="PASS">
          <reporter-output>
          </reporter-output>
        </test-method> <!-- finish -->
      </class> <!-- Package_Demo.Pega_login -->
    </test> <!-- TestingOnChrome -->
  </suite> <!-- Suite1 -->
</testng-results>
